0 info it worked if it ends with ok
1 verbose cli [ '/usr/local/Cellar/node/5.4.1_1/bin/node',
1 verbose cli   '/usr/local/bin/npm',
1 verbose cli   'run',
1 verbose cli   'check-coverage' ]
2 info using npm@3.5.3
3 info using node@v5.4.1
4 verbose run-script [ 'precheck-coverage', 'check-coverage', 'postcheck-coverage' ]
5 info lifecycle document-manager-system@1.0.1~precheck-coverage: document-manager-system@1.0.1
6 silly lifecycle document-manager-system@1.0.1~precheck-coverage: no script for precheck-coverage, continuing
7 info lifecycle document-manager-system@1.0.1~check-coverage: document-manager-system@1.0.1
8 verbose lifecycle document-manager-system@1.0.1~check-coverage: unsafe-perm in lifecycle true
9 verbose lifecycle document-manager-system@1.0.1~check-coverage: PATH: /usr/local/lib/node_modules/npm/bin/node-gyp-bin:/Users/USER/Desktop/projects/andela/DOB/simulations/checkpoints/checkpoint04/Document-Manager-System/node_modules/.bin:/Users/USER/Desktop/projects/andela/DOB/simulations/checkpoints/checkpoint04/Document-Manager-System/node_modules/.bin:/Library/Developer/CommandLineTools/usr/libexec/git-core:/Users/USER/bin:/usr/local/bin:/Library/Frameworks/Python.framework/Versions/3.5/bin:/usr/local/bin:/usr/bin:/bin:/usr/sbin:/sbin
10 verbose lifecycle document-manager-system@1.0.1~check-coverage: CWD: /Users/USER/Desktop/projects/andela/DOB/simulations/checkpoints/checkpoint04/Document-Manager-System
11 silly lifecycle document-manager-system@1.0.1~check-coverage: Args: [ '-c',
11 silly lifecycle   'istanbul check-coverage --statements 80 --branches 60 --statements 80 --lines 80' ]
12 silly lifecycle document-manager-system@1.0.1~check-coverage: Returned: code: 1  signal: null
13 info lifecycle document-manager-system@1.0.1~check-coverage: Failed to exec check-coverage script
14 verbose stack Error: document-manager-system@1.0.1 check-coverage: `istanbul check-coverage --statements 80 --branches 60 --statements 80 --lines 80`
14 verbose stack Exit status 1
14 verbose stack     at EventEmitter.<anonymous> (/usr/local/lib/node_modules/npm/lib/utils/lifecycle.js:232:16)
14 verbose stack     at emitTwo (events.js:87:13)
14 verbose stack     at EventEmitter.emit (events.js:172:7)
14 verbose stack     at ChildProcess.<anonymous> (/usr/local/lib/node_modules/npm/lib/utils/spawn.js:24:14)
14 verbose stack     at emitTwo (events.js:87:13)
14 verbose stack     at ChildProcess.emit (events.js:172:7)
14 verbose stack     at maybeClose (internal/child_process.js:821:16)
14 verbose stack     at Process.ChildProcess._handle.onexit (internal/child_process.js:211:5)
15 verbose pkgid document-manager-system@1.0.1
16 verbose cwd /Users/USER/Desktop/projects/andela/DOB/simulations/checkpoints/checkpoint04/Document-Manager-System
17 error Darwin 14.5.0
18 error argv "/usr/local/Cellar/node/5.4.1_1/bin/node" "/usr/local/bin/npm" "run" "check-coverage"
19 error node v5.4.1
20 error npm  v3.5.3
21 error code ELIFECYCLE
22 error document-manager-system@1.0.1 check-coverage: `istanbul check-coverage --statements 80 --branches 60 --statements 80 --lines 80`
22 error Exit status 1
23 error Failed at the document-manager-system@1.0.1 check-coverage script 'istanbul check-coverage --statements 80 --branches 60 --statements 80 --lines 80'.
23 error Make sure you have the latest version of node.js and npm installed.
23 error If you do, this is most likely a problem with the document-manager-system package,
23 error not with npm itself.
23 error Tell the author that this fails on your system:
23 error     istanbul check-coverage --statements 80 --branches 60 --statements 80 --lines 80
23 error You can get information on how to open an issue for this project with:
23 error     npm bugs document-manager-system
23 error Or if that isn't available, you can get their info via:
23 error     npm owner ls document-manager-system
23 error There is likely additional logging output above.
24 verbose exit [ 1, true ]
